🚀 Pixel Pet PWA Server running at http://localhost:3000/
Press Ctrl+C to stop the server
GET /robots.txt
GET /
GET /robots.txt
GET /public/sprites/
GET /robots.txt
GET /public/sprites/mood%20tiles.png
GET /
GET /styles.css
GET /js/app.js
GET /js/data/database.js
GET /js/domain/models.js
GET /js/ui/renderer.js
GET /js/ui/archive-controller.js
GET /js/ui/past-reflections-controller.js
GET /js/ui/pet-canvas-controller.js
GET /js/ui/closet-controller.js
GET /sw.js
GET /
GET /index.html
GET /styles.css
GET /js/app.js
GET /js/data/database.js
GET /js/domain/models.js
GET /js/ui/renderer.js
GET /js/ui/archive-controller.js
GET /js/ui/past-reflections-controller.js
GET /public/home.html
GET /public/manifest.json
GET /js/ui/pet-canvas-controller.js
GET /public/home.html
GET /public/command.html
GET /public/archive-grid.html
GET /public/past-reflections.html
GET /public/memory-crystal.html
GET /public/sprites/fox_1.png
GET /public/sprites/fox_1_spritesheet.png.png
GET /public/sprites/fox_2.png
GET /public/sprites/fox_2_spritesheet.png
GET /public/sprites/fox_3.png
GET /public/sprites/fox_3_spritesheet.png.png
GET /public/sprites/hats_grid.png
GET /public/icons/icon-192x192.png
GET /public/sprites/fox_1/idle/fox_1_idle_1.png
GET /public/sprites/fox_1/idle/fox_1_idle_2.png
GET /public/sprites/fox_1/idle/fox_1_idle_3.png
GET /public/sprites/fox_1/idle/fox_1_idle_4.png
GET /public/sprites/fox_1/eat/fox_1_eat_1.png
GET /public/sprites/fox_1/eat/fox_1_eat_2.png
GET /public/sprites/fox_1/eat/fox_1_eat_3.png
GET /public/sprites/fox_2/idle/fox_2_idle_1.png
GET /public/sprites/fox_2/idle/fox_2_idle_2.png
GET /public/sprites/fox_2/idle/fox_2_idle_3.png
GET /public/sprites/fox_2/idle/fox_2_idle_4.png
GET /public/sprites/fox_2/eat/fox_2_eat_1.png
GET /public/sprites/fox_2/eat/fox_2_eat_2.png
GET /public/sprites/fox_2/eat/fox_2_eat_3.png
GET /public/sprites/fox_3/idle/fox_3_idle_1.png
GET /public/sprites/fox_3/idle/fox_3_idle_2.png
GET /public/sprites/fox_3/idle/fox_3_idle_3.png
GET /public/sprites/fox_3/idle/fox_3_idle_4.png
GET /public/sprites/fox_3/eat/fox_3_eat_1.png
GET /public/sprites/fox_3/eat/fox_3_eat_2.png
GET /public/sprites/fox_3/eat/fox_3_eat_3.png
GET /public/sprites/hats/hat_1.png
GET /public/sprites/hats/hat_2.png
GET /public/sprites/hats/hat_3.png
GET /public/sprites/hats/hat_4.png
GET /public/sprites/hats/hat_5.png
GET /public/sprites/hats/hat_6.png
GET /public/sprites/hats/hat_7.png
GET /public/sprites/hats/hat_8.png
GET /public/sprites/hats/hat_9.png
GET /public/sprites/backgrounds/background_1.png
GET /public/sprites/backgrounds/background_2.png
GET /public/sprites/backgrounds/background_3.png
GET /public/sprites/backgrounds/background_4.png
GET /public/archive-grid.html
GET /public/closet.html
GET /
GET /styles.css
GET /js/app.js
GET /js/data/database.js
GET /js/domain/models.js
GET /js/ui/renderer.js
GET /js/ui/archive-controller.js
GET /js/ui/past-reflections-controller.js
GET /js/ui/pet-canvas-controller.js
GET /js/ui/closet-controller.js
GET /sw.js
GET /
GET /index.html
GET /styles.css
GET /js/app.js
GET /js/data/database.js
GET /js/domain/models.js
GET /js/ui/renderer.js
GET /js/ui/archive-controller.js
GET /js/ui/past-reflections-controller.js
GET /public/manifest.json
GET /public/home.html
GET /js/ui/pet-canvas-controller.js
GET /public/command.html
GET /public/archive-grid.html
GET /public/past-reflections.html
GET /public/memory-crystal.html
GET /public/sprites/fox_1.png
GET /public/sprites/fox_1_spritesheet.png.png
GET /public/sprites/fox_2.png
GET /public/sprites/fox_2_spritesheet.png
GET /public/sprites/fox_3.png
GET /public/sprites/fox_3_spritesheet.png.png
GET /public/sprites/hats_grid.png
GET /public/icons/icon-192x192.png
GET /public/home.html
GET /public/sprites/fox_1/idle/fox_1_idle_1.png
GET /public/sprites/fox_1/idle/fox_1_idle_2.png
GET /public/sprites/fox_1/idle/fox_1_idle_3.png
GET /public/sprites/fox_1/idle/fox_1_idle_4.png
GET /public/sprites/fox_1/eat/fox_1_eat_1.png
GET /public/sprites/fox_1/eat/fox_1_eat_2.png
GET /public/sprites/fox_1/eat/fox_1_eat_3.png
GET /public/sprites/fox_2/idle/fox_2_idle_1.png
GET /public/sprites/fox_2/idle/fox_2_idle_2.png
GET /public/sprites/fox_2/idle/fox_2_idle_3.png
GET /public/sprites/fox_2/idle/fox_2_idle_4.png
GET /public/sprites/fox_2/eat/fox_2_eat_1.png
GET /public/sprites/fox_2/eat/fox_2_eat_2.png
GET /public/sprites/fox_2/eat/fox_2_eat_3.png
GET /public/sprites/fox_3/idle/fox_3_idle_1.png
GET /public/sprites/fox_3/idle/fox_3_idle_2.png
GET /public/sprites/fox_3/idle/fox_3_idle_3.png
GET /public/sprites/fox_3/idle/fox_3_idle_4.png
GET /public/sprites/fox_3/eat/fox_3_eat_1.png
GET /public/sprites/fox_3/eat/fox_3_eat_2.png
GET /public/sprites/fox_3/eat/fox_3_eat_3.png
GET /public/sprites/hats/hat_1.png
GET /public/sprites/hats/hat_2.png
GET /public/sprites/hats/hat_3.png
GET /public/sprites/hats/hat_4.png
GET /public/sprites/hats/hat_5.png
GET /public/sprites/hats/hat_6.png
GET /public/sprites/hats/hat_7.png
GET /public/sprites/hats/hat_8.png
GET /public/sprites/hats/hat_9.png
GET /public/sprites/backgrounds/background_1.png
GET /public/sprites/backgrounds/background_2.png
GET /public/sprites/backgrounds/background_3.png
GET /public/sprites/backgrounds/background_4.png
GET /public/command.html
GET /public/sprites/mood%20tiles.png
